{
    "Project Name": "intermediate6_ram",
    "Passed C-SIM": false,
    "C-SIM Failure Reason": "Compilation error",
    "C-SIM Failure Details": [
        "INFO: [SIM 211-4] CSIM will launch GCC as the compiler.\n",
        "   Compiling ../../../../ram_test.cpp in debug mode\n",
        "   Compiling ../../../../ram.cpp in debug mode\n",
        "csim.mk:83: recipe for target 'obj/ram.o' failed\n",
        "E:/Vitis/Vitis_HLS/2022.1/include/gmp.h:63:0: warning: \"__GMP_LIBGMP_DLL\" redefined\n",
        " #define __GMP_LIBGMP_DLL  0\n",
        " \n",
        "E:/Vitis/Vitis_HLS/2022.1/include/floating_point_v7_0_bitacc_cmodel.h:136:0: note: this is the location of the previous definition\n",
        " #define __GMP_LIBGMP_DLL 1\n",
        " \n",
        "E:/Vitis/Vitis_HLS/2022.1/include/gmp.h:63:0: warning: \"__GMP_LIBGMP_DLL\" redefined\n",
        " #define __GMP_LIBGMP_DLL  0\n",
        " \n",
        "E:/Vitis/Vitis_HLS/2022.1/include/floating_point_v7_0_bitacc_cmodel.h:136:0: note: this is the location of the previous definition\n",
        " #define __GMP_LIBGMP_DLL 1\n",
        " \n",
        "../../../../ram.cpp: In function 'void ram(data_t, addr_t, bool_t, data_t&)':\n",
        "../../../../ram.cpp:9:5: error: 'vector' was not declared in this scope\n",
        "     vector<data_t>  ram[RAM_SIZE];\n",
        "     ^~~~~~\n",
        "../../../../ram.cpp:9:18: error: expected primary-expression before '>' token\n",
        "     vector<data_t>  ram[RAM_SIZE];\n",
        "                  ^\n",
        "../../../../ram.cpp:9:33: warning: pointer to a function used in arithmetic [-Wpointer-arith]\n",
        "     vector<data_t>  ram[RAM_SIZE];\n",
        "                                 ^\n",
        "../../../../ram.cpp:13:12: error: no match for 'operator[]' (operand types are 'void(data_t, addr_t, bool_t, data_t&) {aka void(ap_uint<8>, ap_uint<6>, ap_uint<1>, ap_uint<8>&)}' and 'addr_t {aka ap_uint<6>}')\n",
        "         ram[addr] = data;\n",
        "            ^\n",
        "../../../../ram.cpp:16:12: error: no match for 'operator[]' (operand types are 'void(data_t, addr_t, bool_t, data_t&) {aka void(ap_uint<8>, ap_uint<6>, ap_uint<1>, ap_uint<8>&)}' and 'addr_t {aka ap_uint<6>}')\n",
        "     q = ram[addr];\n",
        "            ^\n",
        "make: *** [obj/ram.o] Error 1\n",
        "ERROR: [SIM 211-100] 'csim_design' failed: compilation error(s).\n",
        "INFO: [SIM 211-3] *************** CSIM finish ***************\n"
    ],
    "Passed C-synth": null,
    "C-SYNTH Failure Reason": null,
    "C-SYNTH Failure Details": [],
    "Passed Co-SIM": null,
    "Co-SIM Failure Reason": null,
    "Co-SIM Failure Details": []
}