{
    "Project Name": "intermediate6_ram",
    "Passed C-SIM": false,
    "C-SIM Failure Reason": "Compilation error",
    "C-SIM Failure Details": [
        "INFO: [SIM 211-4] CSIM will launch GCC as the compiler.\n",
        "   Compiling ../../../../ram_test.cpp in debug mode\n",
        "   Compiling ../../../../ram.cpp in debug mode\n",
        "csim.mk:83: recipe for target 'obj/ram.o' failed\n",
        "E:/Vitis/Vitis_HLS/2022.1/include/gmp.h:63:0: warning: \"__GMP_LIBGMP_DLL\" redefined\n",
        " #define __GMP_LIBGMP_DLL  0\n",
        " \n",
        "E:/Vitis/Vitis_HLS/2022.1/include/floating_point_v7_0_bitacc_cmodel.h:136:0: note: this is the location of the previous definition\n",
        " #define __GMP_LIBGMP_DLL 1\n",
        " \n",
        "../../../../ram.cpp:1:10: warning: missing terminating \" character\n",
        " #include \"ram.h\n",
        "          ^\n",
        "../../../../ram.cpp:1:10: error: #include expects \"FILENAME\" or <FILENAME>\n",
        " #include \"ram.h\n",
        "          ^~~~~~\n",
        "../../../../ram.cpp:7:10: error: variable or field 'ram' declared void\n",
        " void ram(data_t data, addr_t addr, bool_t we, data_t& q) {\n",
        "          ^~~~~~\n",
        "../../../../ram.cpp:7:10: error: 'data_t' was not declared in this scope\n",
        "../../../../ram.cpp:7:23: error: 'addr_t' was not declared in this scope\n",
        " void ram(data_t data, addr_t addr, bool_t we, data_t& q) {\n",
        "                       ^~~~~~\n",
        "../../../../ram.cpp:7:36: error: 'bool_t' was not declared in this scope\n",
        " void ram(data_t data, addr_t addr, bool_t we, data_t& q) {\n",
        "                                    ^~~~~~\n",
        "../../../../ram.cpp:7:47: error: 'data_t' was not declared in this scope\n",
        " void ram(data_t data, addr_t addr, bool_t we, data_t& q) {\n",
        "                                               ^~~~~~\n",
        "../../../../ram.cpp:7:55: error: 'q' was not declared in this scope\n",
        " void ram(data_t data, addr_t addr, bool_t we, data_t& q) {\n",
        "                                                       ^\n",
        "make: *** [obj/ram.o] Error 1\n",
        "ERROR: [SIM 211-100] 'csim_design' failed: compilation error(s).\n",
        "INFO: [SIM 211-3] *************** CSIM finish ***************\n"
    ],
    "Passed C-synth": null,
    "C-SYNTH Failure Reason": null,
    "C-SYNTH Failure Details": [],
    "Passed Co-SIM": null,
    "Co-SIM Failure Reason": null,
    "Co-SIM Failure Details": []
}