{
    "Project Name": "14_basic_examples_vhls_static_memory_malloc_removed",
    "Passed C-SIM": false,
    "C-SIM Failure Reason": "Compilation error",
    "C-SIM Failure Details": [
        "INFO: [SIM 211-4] CSIM will launch GCC as the compiler.\n",
        "   Compiling(apcc) ../../../../malloc_removed.c in debug mode\n",
        "../../../../malloc_removed.c:17:3: warning: missing terminating ' character\n",
        "  'LOOP_SHIFT:for (i=0;i<N-1; i++) {\n",
        "  ^\n",
        "../../../../malloc_removed.c:17:3: error: expected expression\n",
        "../../../../malloc_removed.c:20:3: error: expected expression\n",
        "                else \n",
        "                ^\n",
        "../../../../malloc_removed.c:24:3: warning: declaration specifier missing, defaulting to 'int'\n",
        "        *out_accum=0;\n",
        "        ~^\n",
        "        int       \n",
        "../../../../malloc_removed.c:25:3: warning: declaration specifier missing, defaulting to 'int'\n",
        "  LOOP_ACCUM:for (j=0;j<N-1; j++) {\n",
        "  ^~~~~~~~~~\n",
        "  int\n",
        "../../../../malloc_removed.c:25:13: error: expected ';' after top level declarator\n",
        "  LOOP_ACCUM:for (j=0;j<N-1; j++) {\n",
        "            ^\n",
        "            ;\n",
        "../../../../malloc_removed.c:25:14: error: expected identifier or '('\n",
        "  LOOP_ACCUM:for (j=0;j<N-1; j++) {\n",
        "             ^\n",
        "../../../../malloc_removed.c:29:3: error: expected identifier or '('\n",
        "  return *out_accum;\n",
        "  ^\n",
        "../../../../malloc_removed.c:30:1: error: extraneous closing brace ('}')\n",
        "}\n",
        "^\n",
        "3 warnings and 6 errors generated.\n",
        "   Generating csim.exe\n",
        "Makefile.rules:392: recipe for target 'csim.exe' failed\n",
        "g++.exe: error: obj/malloc_removed.o: No such file or directory\n",
        "make: *** [csim.exe] Error 1\n",
        "ERROR: [SIM 211-100] 'csim_design' failed: compilation error(s).\n",
        "INFO: [SIM 211-3] *************** CSIM finish ***************\n"
    ],
    "Passed C-synth": null,
    "C-SYNTH Failure Reason": null,
    "C-SYNTH Failure Details": [],
    "Passed Co-SIM": null,
    "Co-SIM Failure Reason": null,
    "Co-SIM Failure Details": []
}