{
    "Project Name": "intermediate2_counter",
    "Passed C-SIM": false,
    "C-SIM Failure Reason": "Compilation error",
    "C-SIM Failure Details": [
        "INFO: [SIM 211-4] CSIM will launch GCC as the compiler.\n",
        "   Compiling ../../../../counter_test.cpp in debug mode\n",
        "   Compiling ../../../../counter.cpp in debug mode\n",
        "csim.mk:83: recipe for target 'obj/counter.o' failed\n",
        "E:/Vitis/Vitis_HLS/2022.1/include/gmp.h:63:0: warning: \"__GMP_LIBGMP_DLL\" redefined\n",
        " #define __GMP_LIBGMP_DLL  0\n",
        " \n",
        "E:/Vitis/Vitis_HLS/2022.1/include/floating_point_v7_0_bitacc_cmodel.h:136:0: note: this is the location of the previous definition\n",
        " #define __GMP_LIBGMP_DLL 1\n",
        " \n",
        "../../../../counter.cpp:1:10: warning: missing terminating \" character\n",
        " #include \"counter.h\n",
        "          ^\n",
        "../../../../counter.cpp:1:10: error: #include expects \"FILENAME\" or <FILENAME>\n",
        " #include \"counter.h\n",
        "          ^~~~~~~~~~\n",
        "../../../../counter.cpp:3:26: error: 'ap_uint' has not been declared\n",
        " void counter(bool reset, ap_uint<4>& q) {\n",
        "                          ^~~~~~~\n",
        "../../../../counter.cpp:3:33: error: expected ',' or '...' before '<' token\n",
        " void counter(bool reset, ap_uint<4>& q) {\n",
        "                                 ^\n",
        "../../../../counter.cpp: In function 'void counter(bool, int)':\n",
        "../../../../counter.cpp:5:12: error: 'ap_uint' does not name a type\n",
        "     static ap_uint<4> count = 1;\n",
        "            ^~~~~~~\n",
        "../../../../counter.cpp:8:9: error: 'count' was not declared in this scope\n",
        "         count = 1;\n",
        "         ^~~~~\n",
        "../../../../counter.cpp:10:13: error: 'count' was not declared in this scope\n",
        "         if (count == 12) {\n",
        "             ^~~~~\n",
        "../../../../counter.cpp:16:5: error: 'q' was not declared in this scope\n",
        "     q = count;\n",
        "     ^\n",
        "../../../../counter.cpp:16:9: error: 'count' was not declared in this scope\n",
        "     q = count;\n",
        "         ^~~~~\n",
        "make: *** [obj/counter.o] Error 1\n",
        "ERROR: [SIM 211-100] 'csim_design' failed: compilation error(s).\n",
        "INFO: [SIM 211-3] *************** CSIM finish ***************\n"
    ],
    "Passed C-synth": null,
    "C-SYNTH Failure Reason": null,
    "C-SYNTH Failure Details": [],
    "Passed Co-SIM": null,
    "Co-SIM Failure Reason": null,
    "Co-SIM Failure Details": []
}