{
    "Project Name": "intermediate2_counter",
    "Passed C-SIM": false,
    "C-SIM Failure Reason": "Compilation error",
    "C-SIM Failure Details": [
        "INFO: [SIM 211-4] CSIM will launch GCC as the compiler.\n",
        "   Compiling ../../../../counter_test.cpp in debug mode\n",
        "   Compiling ../../../../counter.cpp in debug mode\n",
        "csim.mk:83: recipe for target 'obj/counter.o' failed\n",
        "E:/Vitis/Vitis_HLS/2022.1/include/gmp.h:63:0: warning: \"__GMP_LIBGMP_DLL\" redefined\n",
        " #define __GMP_LIBGMP_DLL  0\n",
        " \n",
        "E:/Vitis/Vitis_HLS/2022.1/include/floating_point_v7_0_bitacc_cmodel.h:136:0: note: this is the location of the previous definition\n",
        " #define __GMP_LIBGMP_DLL 1\n",
        " \n",
        "E:/Vitis/Vitis_HLS/2022.1/include/gmp.h:63:0: warning: \"__GMP_LIBGMP_DLL\" redefined\n",
        " #define __GMP_LIBGMP_DLL  0\n",
        " \n",
        "E:/Vitis/Vitis_HLS/2022.1/include/floating_point_v7_0_bitacc_cmodel.h:136:0: note: this is the location of the previous definition\n",
        " #define __GMP_LIBGMP_DLL 1\n",
        " \n",
        "../../../../counter.cpp: In function 'void counter(bool, ap_uint<4>&)':\n",
        "../../../../counter.cpp:4:5: error: expected primary-expression before '/' token\n",
        "     / Static variable to hold the count value across function calls (represents the state)\n",
        "     ^\n",
        "../../../../counter.cpp:4:7: error: 'Static' was not declared in this scope\n",
        "     / Static variable to hold the count value across function calls (represents the state)\n",
        "       ^~~~~~\n",
        "../../../../counter.cpp:8:9: error: 'count' was not declared in this scope\n",
        "         count = 1;\n",
        "         ^~~~~\n",
        "../../../../counter.cpp:10:13: error: 'count' was not declared in this scope\n",
        "         if (count == 12) {\n",
        "             ^~~~~\n",
        "../../../../counter.cpp:17:9: error: 'count' was not declared in this scope\n",
        "     q = count;\n",
        "         ^~~~~\n",
        "make: *** [obj/counter.o] Error 1\n",
        "ERROR: [SIM 211-100] 'csim_design' failed: compilation error(s).\n",
        "INFO: [SIM 211-3] *************** CSIM finish ***************\n"
    ],
    "Passed C-synth": null,
    "C-SYNTH Failure Reason": null,
    "C-SYNTH Failure Details": [],
    "Passed Co-SIM": null,
    "Co-SIM Failure Reason": null,
    "Co-SIM Failure Details": []
}