{
    "Project Name": "basic3_priority_encoder",
    "Passed C-SIM": false,
    "C-SIM Failure Reason": "Compilation error",
    "C-SIM Failure Details": [
        "INFO: [SIM 211-4] CSIM will launch GCC as the compiler.\n",
        "   Compiling ../../../../test_priority_encoder.cpp in debug mode\n",
        "   Compiling ../../../../priority_encoder.cpp in debug mode\n",
        "csim.mk:83: recipe for target 'obj/priority_encoder.o' failed\n",
        "E:/Vitis/Vitis_HLS/2022.1/include/gmp.h:63:0: warning: \"__GMP_LIBGMP_DLL\" redefined\n",
        " #define __GMP_LIBGMP_DLL  0\n",
        " \n",
        "E:/Vitis/Vitis_HLS/2022.1/include/floating_point_v7_0_bitacc_cmodel.h:136:0: note: this is the location of the previous definition\n",
        " #define __GMP_LIBGMP_DLL 1\n",
        " \n",
        "../../../../priority_encoder.cpp:1:10: warning: missing terminating \" character\n",
        " #include \"priority_encoder.h\n",
        "          ^\n",
        "../../../../priority_encoder.cpp:1:10: error: #include expects \"FILENAME\" or <FILENAME>\n",
        " #include \"priority_encoder.h\n",
        "          ^~~~~~~~~~~~~~~~~~~\n",
        "../../../../priority_encoder.cpp:7:23: error: variable or field 'priority_encoder' declared void\n",
        " void priority_encoder(input_t in, output_t* pos) {\n",
        "                       ^~~~~~~\n",
        "../../../../priority_encoder.cpp:7:23: error: 'input_t' was not declared in this scope\n",
        "../../../../priority_encoder.cpp:7:35: error: 'output_t' was not declared in this scope\n",
        " void priority_encoder(input_t in, output_t* pos) {\n",
        "                                   ^~~~~~~~\n",
        "../../../../priority_encoder.cpp:7:45: error: 'pos' was not declared in this scope\n",
        " void priority_encoder(input_t in, output_t* pos) {\n",
        "                                             ^~~\n",
        "make: *** [obj/priority_encoder.o] Error 1\n",
        "ERROR: [SIM 211-100] 'csim_design' failed: compilation error(s).\n",
        "INFO: [SIM 211-3] *************** CSIM finish ***************\n"
    ],
    "Passed C-synth": null,
    "C-SYNTH Failure Reason": null,
    "C-SYNTH Failure Details": [],
    "Passed Co-SIM": null,
    "Co-SIM Failure Reason": null,
    "Co-SIM Failure Details": []
}