{
    "Project Name": "advanced3_adv_fsm",
    "Passed C-SIM": false,
    "C-SIM Failure Reason": "Compilation error",
    "C-SIM Failure Details": [
        "INFO: [SIM 211-4] CSIM will launch GCC as the compiler.\n",
        "   Compiling ../../../../adv_fsm_test.cpp in debug mode\n",
        "   Compiling ../../../../adv_fsm.cpp in debug mode\n",
        "csim.mk:83: recipe for target 'obj/adv_fsm.o' failed\n",
        "../../../../adv_fsm.cpp: In function 'void adv_fsm(bit_t, bit_t, bit_t*)':\n",
        "../../../../adv_fsm.cpp:5:20: error: 'IDLE' does not name a type\n",
        "     class states { IDLE=0, S1=1, S10=2 }\n",
        "                    ^~~~\n",
        "../../../../adv_fsm.cpp:6:19: error: expected initializer before 'present_state'\n",
        "     static states present_state = IDLE;\n",
        "                   ^~~~~~~~~~~~~\n",
        "../../../../adv_fsm.cpp:7:25: error: 'present_state' was not declared in this scope\n",
        "     states next_state = present_state;\n",
        "                         ^~~~~~~~~~~~~\n",
        "../../../../adv_fsm.cpp:20:14: error: 'IDLE' was not declared in this scope\n",
        "         case IDLE:\n",
        "              ^~~~\n",
        "../../../../adv_fsm.cpp:22:30: error: 'S1' was not declared in this scope\n",
        "                 next_state = S1;\n",
        "                              ^~\n",
        "../../../../adv_fsm.cpp:29:14: error: 'S1' was not declared in this scope\n",
        "         case S1:\n",
        "              ^~\n",
        "../../../../adv_fsm.cpp:31:30: error: 'S10' was not declared in this scope\n",
        "                 next_state = S10;\n",
        "                              ^~~\n",
        "../../../../adv_fsm.cpp:38:14: error: 'S10' was not declared in this scope\n",
        "         case S10:\n",
        "              ^~~\n",
        "../../../../adv_fsm.cpp:57:25: error: 'IDLE' was not declared in this scope\n",
        "         present_state = IDLE;\n",
        "                         ^~~~\n",
        "make: *** [obj/adv_fsm.o] Error 1\n",
        "ERROR: [SIM 211-100] 'csim_design' failed: compilation error(s).\n",
        "INFO: [SIM 211-3] *************** CSIM finish ***************\n"
    ],
    "Passed C-synth": null,
    "C-SYNTH Failure Reason": null,
    "C-SYNTH Failure Details": [],
    "Passed Co-SIM": null,
    "Co-SIM Failure Reason": null,
    "Co-SIM Failure Details": []
}