{
    "Project Name": "advanced3_adv_fsm",
    "Passed C-SIM": false,
    "C-SIM Failure Reason": "Compilation error",
    "C-SIM Failure Details": [
        "INFO: [SIM 211-4] CSIM will launch GCC as the compiler.\n",
        "   Compiling ../../../../adv_fsm_test.cpp in debug mode\n",
        "   Compiling ../../../../adv_fsm.cpp in debug mode\n",
        "csim.mk:83: recipe for target 'obj/adv_fsm.o' failed\n",
        "../../../../adv_fsm.cpp: In function 'void adv_fsm(bit_t, bit_t, bit_t*)':\n",
        "../../../../adv_fsm.cpp:8:19: error: expected initializer before 'present_state'\n",
        "     static states present_state = IDLE;\n",
        "                   ^~~~~~~~~~~~~\n",
        "../../../../adv_fsm.cpp:24:17: error: 'next_state' was not declared in this scope\n",
        "                 next_state = S1;\n",
        "                 ^~~~~~~~~~\n",
        "../../../../adv_fsm.cpp:26:17: error: 'next_state' was not declared in this scope\n",
        "                 next_state = IDLE;\n",
        "                 ^~~~~~~~~~\n",
        "../../../../adv_fsm.cpp:33:17: error: 'next_state' was not declared in this scope\n",
        "                 next_state = S10;\n",
        "                 ^~~~~~~~~~\n",
        "../../../../adv_fsm.cpp:35:17: error: 'next_state' was not declared in this scope\n",
        "                 next_state = IDLE;\n",
        "                 ^~~~~~~~~~\n",
        "../../../../adv_fsm.cpp:43:17: error: 'next_state' was not declared in this scope\n",
        "                 next_state = IDLE;\n",
        "                 ^~~~~~~~~~\n",
        "../../../../adv_fsm.cpp:46:17: error: 'next_state' was not declared in this scope\n",
        "                 next_state = IDLE;\n",
        "                 ^~~~~~~~~~\n",
        "../../../../adv_fsm.cpp:52:13: error: 'next_state' was not declared in this scope\n",
        "             next_state = IDLE;\n",
        "             ^~~~~~~~~~\n",
        "../../../../adv_fsm.cpp:61:25: error: 'next_state' was not declared in this scope\n",
        "         present_state = next_state;\n",
        "                         ^~~~~~~~~~\n",
        "make: *** [obj/adv_fsm.o] Error 1\n",
        "ERROR: [SIM 211-100] 'csim_design' failed: compilation error(s).\n",
        "INFO: [SIM 211-3] *************** CSIM finish ***************\n"
    ],
    "Passed C-synth": null,
    "C-SYNTH Failure Reason": null,
    "C-SYNTH Failure Details": [],
    "Passed Co-SIM": null,
    "Co-SIM Failure Reason": null,
    "Co-SIM Failure Details": []
}