{
    "Project Name": "advanced2_count_slow",
    "Passed C-SIM": false,
    "C-SIM Failure Reason": "Compilation error",
    "C-SIM Failure Details": [
        "INFO: [SIM 211-4] CSIM will launch GCC as the compiler.\n",
        "   Compiling ../../../../count_slow_test.cpp in debug mode\n",
        "   Compiling ../../../../count_slow.cpp in debug mode\n",
        "   Generating csim.exe\n",
        "Makefile.rules:392: recipe for target 'csim.exe' failed\n",
        "obj/count_slow_test.o: In function `main':\n",
        "E:\\VScode\\benchmark_non_pragma\\advanced2\\count_slow\\Top_Function_Not_Found\\proj_count_slow\\solution1\\csim\\build/../../../../count_slow_test.cpp:19: undefined reference to `count_slow(ap_uint<1>, ap_uint<1>, ap_uint<4>*)'\n",
        "E:\\VScode\\benchmark_non_pragma\\advanced2\\count_slow\\Top_Function_Not_Found\\proj_count_slow\\solution1\\csim\\build/../../../../count_slow_test.cpp:58: undefined reference to `count_slow(ap_uint<1>, ap_uint<1>, ap_uint<4>*)'\n",
        "obj/count_slow_test.o:E:\\VScode\\benchmark_non_pragma\\advanced2\\count_slow\\Top_Function_Not_Found\\proj_count_slow\\solution1\\csim\\build/../../../../count_slow_test.cpp:67: more undefined references to `count_slow(ap_uint<1>, ap_uint<1>, ap_uint<4>*)' follow\n",
        "collect2.exe: error: ld returned 1 exit status\n",
        "make: *** [csim.exe] Error 1\n",
        "ERROR: [SIM 211-100] 'csim_design' failed: compilation error(s).\n",
        "INFO: [SIM 211-3] *************** CSIM finish ***************\n"
    ],
    "Passed C-synth": null,
    "C-SYNTH Failure Reason": null,
    "C-SYNTH Failure Details": [],
    "Passed Co-SIM": null,
    "Co-SIM Failure Reason": null,
    "Co-SIM Failure Details": []
}