{
    "Project Name": "basic1_wire_assign",
    "Passed C-SIM": false,
    "C-SIM Failure Reason": "Compilation error",
    "C-SIM Failure Details": [
        "INFO: [SIM 211-4] CSIM will launch GCC as the compiler.\n",
        "   Compiling ../../../../test_wire_assign.cpp in debug mode\n",
        "   Compiling ../../../../wire_assign.cpp in debug mode\n",
        "   Generating csim.exe\n",
        "Makefile.rules:392: recipe for target 'csim.exe' failed\n",
        "E:/Vitis/Vitis_HLS/2022.1/include/gmp.h:63:0: warning: \"__GMP_LIBGMP_DLL\" redefined\n",
        " #define __GMP_LIBGMP_DLL  0\n",
        " \n",
        "E:/Vitis/Vitis_HLS/2022.1/include/floating_point_v7_0_bitacc_cmodel.h:136:0: note: this is the location of the previous definition\n",
        " #define __GMP_LIBGMP_DLL 1\n",
        " \n",
        "E:/Vitis/Vitis_HLS/2022.1/include/gmp.h:63:0: warning: \"__GMP_LIBGMP_DLL\" redefined\n",
        " #define __GMP_LIBGMP_DLL  0\n",
        " \n",
        "E:/Vitis/Vitis_HLS/2022.1/include/floating_point_v7_0_bitacc_cmodel.h:136:0: note: this is the location of the previous definition\n",
        " #define __GMP_LIBGMP_DLL 1\n",
        " \n",
        "obj/test_wire_assign.o: In function `main':\n",
        "E:\\VScode\\benchmark_non_pragma\\basic1\\wire_assign\\Unsupported_Data_Types\\proj_wire_assign\\solution1\\csim\\build/../../../../test_wire_assign.cpp:14: undefined reference to `wire_assign(ap_uint<1>, ap_uint<1>*)'\n",
        "E:\\VScode\\benchmark_non_pragma\\basic1\\wire_assign\\Unsupported_Data_Types\\proj_wire_assign\\solution1\\csim\\build/../../../../test_wire_assign.cpp:24: undefined reference to `wire_assign(ap_uint<1>, ap_uint<1>*)'\n",
        "E:\\VScode\\benchmark_non_pragma\\basic1\\wire_assign\\Unsupported_Data_Types\\proj_wire_assign\\solution1\\csim\\build/../../../../test_wire_assign.cpp:34: undefined reference to `wire_assign(ap_uint<1>, ap_uint<1>*)'\n",
        "collect2.exe: error: ld returned 1 exit status\n",
        "make: *** [csim.exe] Error 1\n",
        "ERROR: [SIM 211-100] 'csim_design' failed: compilation error(s).\n",
        "INFO: [SIM 211-3] *************** CSIM finish ***************\n"
    ],
    "Passed C-synth": null,
    "C-SYNTH Failure Reason": null,
    "C-SYNTH Failure Details": [],
    "Passed Co-SIM": null,
    "Co-SIM Failure Reason": null,
    "Co-SIM Failure Details": []
}